<?xml version="1.0" encoding="UTF-8"?>
<!-- Generated by org.testng.reporters.JUnitReportReporter -->
<testsuite hostname="WS0458" failures="0" tests="3" name="awesomecucumber.runners.MyTestNGRunnerTest" time="91.859" errors="0" timestamp="30 Jan 2024 03:25:59 GMT" skipped="0">
  <testcase classname="awesomecucumber.runners.MyTestNGRunnerTest" name="runScenario" time="28.132"/>
  <testcase classname="awesomecucumber.runners.MyTestNGRunnerTest" name="runScenario" time="29.083"/>
  <testcase classname="awesomecucumber.runners.MyTestNGRunnerTest" name="runScenario" time="34.644"/>
</testsuite> <!-- awesomecucumber.runners.MyTestNGRunnerTest -->
