<?xml version="1.0" encoding="UTF-8"?>
<!-- Generated by org.testng.reporters.JUnitReportReporter -->
<testsuite hostname="WS0458" failures="0" tests="3" name="awesomecucumber.runners.MyTestNGRunnerTest" time="82.612" errors="0" timestamp="29 Jan 2024 07:53:49 GMT" skipped="0">
  <testcase classname="awesomecucumber.runners.MyTestNGRunnerTest" name="runScenario" time="27.234"/>
  <testcase classname="awesomecucumber.runners.MyTestNGRunnerTest" name="runScenario" time="27.671"/>
  <testcase classname="awesomecucumber.runners.MyTestNGRunnerTest" name="runScenario" time="27.707"/>
</testsuite> <!-- awesomecucumber.runners.MyTestNGRunnerTest -->
