<?xml version="1.0" encoding="UTF-8"?>
<!-- Generated by org.testng.reporters.JUnitReportReporter -->
<testsuite hostname="WS0458" failures="0" tests="3" name="awesomecucumber.runners.MyTestNGRunnerTest" time="99.605" errors="0" timestamp="29 Jan 2024 04:35:29 GMT" skipped="0">
  <testcase classname="awesomecucumber.runners.MyTestNGRunnerTest" name="runScenario" time="29.881"/>
  <testcase classname="awesomecucumber.runners.MyTestNGRunnerTest" name="runScenario" time="28.056"/>
  <testcase classname="awesomecucumber.runners.MyTestNGRunnerTest" name="runScenario" time="41.668"/>
</testsuite> <!-- awesomecucumber.runners.MyTestNGRunnerTest -->
